<?xml version="1.0" encoding="UTF-8"?>
<!-- Generated by org.testng.reporters.JUnitReportReporter -->
<testsuite skipped="0" hostname="T460" name="testcases.MiroTest" tests="8" failures="0" timestamp="2021-05-14T18:31:38 SGT" time="217.669" errors="0">
  <testcase name="verifyLoginPage" time="16.466" classname="testcases.MiroTest"/>
  <system-out/>
  <testcase name="verifyLoginPage" time="20.682" classname="testcases.MiroTest"/>
  <system-out/>
  <testcase name="signInWithoutEmailandPassword" time="28.479" classname="testcases.MiroTest"/>
  <system-out/>
  <testcase name="signInWithoutEmailandPassword" time="36.813" classname="testcases.MiroTest"/>
  <system-out/>
  <testcase name="signInWithInCorrectEmailandPassword" time="27.261" classname="testcases.MiroTest"/>
  <system-out/>
  <testcase name="signInWithInCorrectEmailandPassword" time="29.455" classname="testcases.MiroTest"/>
  <system-out/>
  <testcase name="verifyForgotPasswordLink" time="29.225" classname="testcases.MiroTest"/>
  <system-out/>
  <testcase name="verifyForgotPasswordLink" time="29.288" classname="testcases.MiroTest"/>
  <system-out/>
</testsuite> <!-- testcases.MiroTest -->
