<?xml version="1.0" encoding="UTF-8"?>
<!-- Generated by org.testng.reporters.JUnitReportReporter -->
<testsuite skipped="0" hostname="T460" name="testcases.MiroTest1" tests="8" failures="0" timestamp="2021-05-14T18:31:38 SGT" time="229.849" errors="0">
  <testcase name="verifyLoginPage" time="17.352" classname="testcases.MiroTest1"/>
  <system-out/>
  <testcase name="verifyLoginPage" time="20.228" classname="testcases.MiroTest1"/>
  <system-out/>
  <testcase name="signInWithoutEmailandPassword" time="29.983" classname="testcases.MiroTest1"/>
  <system-out/>
  <testcase name="signInWithoutEmailandPassword" time="27.642" classname="testcases.MiroTest1"/>
  <system-out/>
  <testcase name="signInWithInCorrectEmailandPassword" time="33.533" classname="testcases.MiroTest1"/>
  <system-out/>
  <testcase name="signInWithInCorrectEmailandPassword" time="29.019" classname="testcases.MiroTest1"/>
  <system-out/>
  <testcase name="verifyForgotPasswordLink" time="35.016" classname="testcases.MiroTest1"/>
  <system-out/>
  <testcase name="verifyForgotPasswordLink" time="37.076" classname="testcases.MiroTest1"/>
  <system-out/>
</testsuite> <!-- testcases.MiroTest1 -->
